  [1m[36m (1.4ms)[0m  [1mCREATE TABLE "schema_migrations" ("version" varchar NOT NULL) [0m
  [1m[35m (0.1ms)[0m  select sqlite_version(*)
  [1m[36m (1.1ms)[0m  [1mCREATE UNIQUE INDEX "unique_schema_migrations" ON "schema_migrations" ("version")[0m
  [1m[35mActiveRecord::SchemaMigration Load (0.1ms)[0m  SELECT "schema_migrations".* FROM "schema_migrations"


Started GET "/" for ::1 at 2015-11-16 16:12:00 -0600
Processing by Rails::WelcomeController#index as HTML
  Rendered /Users/admin/.rvm/gems/ruby-2.1.2/gems/railties-4.2.3/lib/rails/templates/rails/welcome/index.html.erb (1.9ms)
Completed 200 OK in 48ms (Views: 36.7ms | ActiveRecord: 0.0ms)
Started GET "/" for ::1 at 2020-06-23 19:27:28 -0400
Processing by Rails::WelcomeController#index as HTML
  Parameters: {"internal"=>true}
  Rendering /Users/andyaguilar/.rvm/gems/ruby-2.6.1/gems/railties-5.0.7.1/lib/rails/templates/rails/welcome/index.html.erb
  Rendered /Users/andyaguilar/.rvm/gems/ruby-2.6.1/gems/railties-5.0.7.1/lib/rails/templates/rails/welcome/index.html.erb (2.9ms)
Completed 200 OK in 15ms (Views: 7.2ms | ActiveRecord: 0.0ms)


Started GET "/hello_world" for ::1 at 2020-06-23 19:27:34 -0400
Processing by StaticController#hello_world as HTML
Completed 500 Internal Server Error in 3ms (ActiveRecord: 0.0ms)


  
ActionView::MissingTemplate (Missing template static/hello_world, application/hello_world with {:locale=>[:en], :formats=>[:html], :variants=>[], :handlers=>[:raw, :erb, :html, :builder, :ruby, :coffee, :jbuilder]}. Searched in:
  * "/Users/andyaguilar/Flatiron/code/mod2/rails-hello-world-lab-wdc01-seng-ft-060120/app/views"
):
  
app/controllers/static_controller.rb:3:in `hello_world'
  Rendering /Users/andyaguilar/.rvm/gems/ruby-2.6.1/gems/actionpack-5.0.7.1/lib/action_dispatch/middleware/templates/rescues/missing_template.html.erb within rescues/layout
  Rendering /Users/andyaguilar/.rvm/gems/ruby-2.6.1/gems/actionpack-5.0.7.1/lib/action_dispatch/middleware/templates/rescues/_source.html.erb
  Rendered /Users/andyaguilar/.rvm/gems/ruby-2.6.1/gems/actionpack-5.0.7.1/lib/action_dispatch/middleware/templates/rescues/_source.html.erb (1.9ms)
  Rendering /Users/andyaguilar/.rvm/gems/ruby-2.6.1/gems/actionpack-5.0.7.1/lib/action_dispatch/middleware/templates/rescues/_trace.html.erb
  Rendered /Users/andyaguilar/.rvm/gems/ruby-2.6.1/gems/actionpack-5.0.7.1/lib/action_dispatch/middleware/templates/rescues/_trace.html.erb (1.0ms)
  Rendering /Users/andyaguilar/.rvm/gems/ruby-2.6.1/gems/actionpack-5.0.7.1/lib/action_dispatch/middleware/templates/rescues/_request_and_response.html.erb
  Rendered /Users/andyaguilar/.rvm/gems/ruby-2.6.1/gems/actionpack-5.0.7.1/lib/action_dispatch/middleware/templates/rescues/_request_and_response.html.erb (0.5ms)
  Rendered /Users/andyaguilar/.rvm/gems/ruby-2.6.1/gems/actionpack-5.0.7.1/lib/action_dispatch/middleware/templates/rescues/missing_template.html.erb within rescues/layout (21.1ms)
Started GET "/hello_world" for ::1 at 2020-06-23 19:28:31 -0400
Processing by StaticController#hello_world as HTML
  Rendering static/hello_world.html.erb within layouts/application
  Rendered static/hello_world.html.erb within layouts/application (0.3ms)
Completed 200 OK in 317ms (Views: 316.3ms | ActiveRecord: 0.0ms)


Started GET "/hello_world" for ::1 at 2020-06-23 19:28:48 -0400
Processing by StaticController#hello_world as HTML
  Rendering static/hello_world.html.erb within layouts/application
  Rendered static/hello_world.html.erb within layouts/application (0.3ms)
Completed 200 OK in 10ms (Views: 9.2ms | ActiveRecord: 0.0ms)


Started GET "/hello_world" for ::1 at 2020-06-23 19:28:49 -0400
Processing by StaticController#hello_world as HTML
  Rendering static/hello_world.html.erb within layouts/application
  Rendered static/hello_world.html.erb within layouts/application (0.3ms)
Completed 200 OK in 10ms (Views: 9.1ms | ActiveRecord: 0.0ms)


